[0m[[0m[0mdebug[0m] [0m[0m> Exec(run, Some(1e374f3b-4f8d-4994-a96e-4ef0ea73dce8), Some(CommandSource(console0)))[0m
[0m[[0m[0mdebug[0m] [0m[0mEvaluating tasks: Compile / run[0m
[0m[[0m[0mdebug[0m] [0m[0mRunning task... Cancel: Signal, check cycles: false, forcegc: true[0m
[0m[[0m[31merror[0m] [0m[0mjava.sql.SQLSyntaxErrorException: Unknown database 'mydb'[0m
[0m[[0m[31merror[0m] [0m[0m	at com.mysql.cj.jdbc.exceptions.SQLError.createSQLException(SQLError.java:120)[0m
[0m[[0m[31merror[0m] [0m[0m	at com.mysql.cj.jdbc.exceptions.SQLExceptionsMapping.translateException(SQLExceptionsMapping.java:122)[0m
[0m[[0m[31merror[0m] [0m[0m	at com.mysql.cj.jdbc.ConnectionImpl.createNewIO(ConnectionImpl.java:828)[0m
[0m[[0m[31merror[0m] [0m[0m	at com.mysql.cj.jdbc.ConnectionImpl.<init>(ConnectionImpl.java:448)[0m
[0m[[0m[31merror[0m] [0m[0m	at com.mysql.cj.jdbc.ConnectionImpl.getInstance(ConnectionImpl.java:241)[0m
[0m[[0m[31merror[0m] [0m[0m	at com.mysql.cj.jdbc.NonRegisteringDriver.connect(NonRegisteringDriver.java:198)[0m
[0m[[0m[31merror[0m] [0m[0m	at java.sql/java.sql.DriverManager.getConnection(DriverManager.java:677)[0m
[0m[[0m[31merror[0m] [0m[0m	at java.sql/java.sql.DriverManager.getConnection(DriverManager.java:228)[0m
[0m[[0m[31merror[0m] [0m[0m	at Project1Ex$.main(Project1.scala:31)[0m
[0m[[0m[31merror[0m] [0m[0m	at Project1Ex.main(Project1.scala)[0m
[0m[[0m[31merror[0m] [0m[0m	at java.base/jdk.internal.reflect.NativeMethodAccessorImpl.invoke0(Native Method)[0m
[0m[[0m[31merror[0m] [0m[0m	at java.base/jdk.internal.reflect.NativeMethodAccessorImpl.invoke(NativeMethodAccessorImpl.java:64)[0m
[0m[[0m[31merror[0m] [0m[0m	at java.base/jdk.internal.reflect.DelegatingMethodAccessorImpl.invoke(DelegatingMethodAccessorImpl.java:43)[0m
[0m[[0m[31merror[0m] [0m[0m	at java.base/java.lang.reflect.Method.invoke(Method.java:564)[0m
[0m[[0m[31merror[0m] [0m[0m	at sbt.Run.invokeMain(Run.scala:143)[0m
[0m[[0m[31merror[0m] [0m[0m	at sbt.Run.execute$1(Run.scala:93)[0m
[0m[[0m[31merror[0m] [0m[0m	at sbt.Run.$anonfun$runWithLoader$5(Run.scala:120)[0m
[0m[[0m[31merror[0m] [0m[0m	at sbt.Run$.executeSuccess(Run.scala:186)[0m
[0m[[0m[31merror[0m] [0m[0m	at sbt.Run.runWithLoader(Run.scala:120)[0m
[0m[[0m[31merror[0m] [0m[0m	at sbt.Defaults$.$anonfun$bgRunTask$6(Defaults.scala:1983)[0m
[0m[[0m[31merror[0m] [0m[0m	at sbt.Defaults$.$anonfun$termWrapper$2(Defaults.scala:1922)[0m
[0m[[0m[31merror[0m] [0m[0m	at scala.runtime.java8.JFunction0$mcV$sp.apply(JFunction0$mcV$sp.java:23)[0m
[0m[[0m[31merror[0m] [0m[0m	at scala.util.Try$.apply(Try.scala:213)[0m
[0m[[0m[31merror[0m] [0m[0m	at sbt.internal.BackgroundThreadPool$BackgroundRunnable.run(DefaultBackgroundJobService.scala:369)[0m
[0m[[0m[31merror[0m] [0m[0m	at java.base/java.util.concurrent.ThreadPoolExecutor.runWorker(ThreadPoolExecutor.java:1130)[0m
[0m[[0m[31merror[0m] [0m[0m	at java.base/java.util.concurrent.ThreadPoolExecutor$Worker.run(ThreadPoolExecutor.java:630)[0m
[0m[[0m[31merror[0m] [0m[0m	at java.base/java.lang.Thread.run(Thread.java:832)[0m
[0m[[0m[31merror[0m] [0m[0m(Compile / [31mrun[0m) java.sql.SQLSyntaxErrorException: Unknown database 'mydb'[0m
[0m[[0m[31merror[0m] [0m[0mTotal time: 8 s, completed Feb 1, 2022, 1:46:16 PM[0m
[0m[[0m[0mdebug[0m] [0m[0m> Exec(shell, None, None)[0m
